{"/home/runner/work/FinanceNews/FinanceNews/server.js": {"path":"/home/runner/work/FinanceNews/FinanceNews/server.js","statementMap":{"0":{"start":{"line":1,"column":16},"end":{"line":1,"column":34}},"1":{"start":{"line":2,"column":14},"end":{"line":2,"column":35}},"2":{"start":{"line":3,"column":15},"end":{"line":3,"column":32}},"3":{"start":{"line":4,"column":13},"end":{"line":4,"column":28}},"4":{"start":{"line":5,"column":13},"end":{"line":5,"column":28}},"5":{"start":{"line":7,"column":12},"end":{"line":7,"column":21}},"6":{"start":{"line":8,"column":13},"end":{"line":8,"column":37}},"7":{"start":{"line":11,"column":0},"end":{"line":11,"column":28}},"8":{"start":{"line":14,"column":0},"end":{"line":14,"column":16}},"9":{"start":{"line":15,"column":0},"end":{"line":15,"column":34}},"10":{"start":{"line":16,"column":0},"end":{"line":16,"column":24}},"11":{"start":{"line":19,"column":18},"end":{"line":24,"column":1}},"12":{"start":{"line":27,"column":18},"end":{"line":63,"column":1}},"13":{"start":{"line":67,"column":2},"end":{"line":94,"column":3}},"14":{"start":{"line":68,"column":21},"end":{"line":72,"column":6}},"15":{"start":{"line":74,"column":4},"end":{"line":76,"column":5}},"16":{"start":{"line":75,"column":6},"end":{"line":75,"column":64}},"17":{"start":{"line":78,"column":20},"end":{"line":78,"column":41}},"18":{"start":{"line":79,"column":19},"end":{"line":79,"column":38}},"19":{"start":{"line":80,"column":19},"end":{"line":80,"column":59}},"20":{"start":{"line":82,"column":18},"end":{"line":82,"column":76}},"21":{"start":{"line":84,"column":4},"end":{"line":90,"column":8}},"22":{"start":{"line":84,"column":43},"end":{"line":90,"column":5}},"23":{"start":{"line":92,"column":4},"end":{"line":92,"column":70}},"24":{"start":{"line":93,"column":4},"end":{"line":93,"column":14}},"25":{"start":{"line":99,"column":26},"end":{"line":104,"column":3}},"26":{"start":{"line":106,"column":25},"end":{"line":106,"column":90}},"27":{"start":{"line":108,"column":15},"end":{"line":108,"column":52}},"28":{"start":{"line":111,"column":2},"end":{"line":113,"column":3}},"29":{"start":{"line":111,"column":37},"end":{"line":111,"column":59}},"30":{"start":{"line":112,"column":4},"end":{"line":112,"column":17}},"31":{"start":{"line":116,"column":2},"end":{"line":116,"column":65}},"32":{"start":{"line":116,"column":41},"end":{"line":116,"column":63}},"33":{"start":{"line":120,"column":0},"end":{"line":168,"column":3}},"34":{"start":{"line":121,"column":2},"end":{"line":167,"column":3}},"35":{"start":{"line":122,"column":20},"end":{"line":122,"column":22}},"36":{"start":{"line":125,"column":4},"end":{"line":129,"column":5}},"37":{"start":{"line":126,"column":25},"end":{"line":126,"column":73}},"38":{"start":{"line":127,"column":19},"end":{"line":127,"column":54}},"39":{"start":{"line":128,"column":6},"end":{"line":128,"column":28}},"40":{"start":{"line":132,"column":24},"end":{"line":134,"column":5}},"41":{"start":{"line":133,"column":6},"end":{"line":133,"column":48}},"42":{"start":{"line":137,"column":25},"end":{"line":137,"column":73}},"43":{"start":{"line":140,"column":4},"end":{"line":140,"column":75}},"44":{"start":{"line":140,"column":32},"end":{"line":140,"column":73}},"45":{"start":{"line":143,"column":22},"end":{"line":143,"column":64}},"46":{"start":{"line":144,"column":23},"end":{"line":146,"column":5}},"47":{"start":{"line":145,"column":6},"end":{"line":145,"column":40}},"48":{"start":{"line":149,"column":22},"end":{"line":149,"column":84}},"49":{"start":{"line":151,"column":4},"end":{"line":156,"column":7}},"50":{"start":{"line":159,"column":4},"end":{"line":159,"column":49}},"51":{"start":{"line":160,"column":4},"end":{"line":166,"column":7}},"52":{"start":{"line":171,"column":0},"end":{"line":212,"column":3}},"53":{"start":{"line":172,"column":2},"end":{"line":211,"column":3}},"54":{"start":{"line":173,"column":21},"end":{"line":173,"column":69}},"55":{"start":{"line":174,"column":17},"end":{"line":174,"column":38}},"56":{"start":{"line":177,"column":21},"end":{"line":198,"column":18}},"57":{"start":{"line":180,"column":20},"end":{"line":180,"column":21}},"58":{"start":{"line":181,"column":21},"end":{"line":181,"column":68}},"59":{"start":{"line":184,"column":34},"end":{"line":184,"column":88}},"60":{"start":{"line":185,"column":8},"end":{"line":187,"column":11}},"61":{"start":{"line":186,"column":10},"end":{"line":186,"column":49}},"62":{"start":{"line":186,"column":38},"end":{"line":186,"column":49}},"63":{"start":{"line":190,"column":25},"end":{"line":190,"column":81}},"64":{"start":{"line":191,"column":8},"end":{"line":193,"column":43}},"65":{"start":{"line":191,"column":26},"end":{"line":191,"column":37}},"66":{"start":{"line":192,"column":13},"end":{"line":193,"column":43}},"67":{"start":{"line":192,"column":32},"end":{"line":192,"column":43}},"68":{"start":{"line":193,"column":13},"end":{"line":193,"column":43}},"69":{"start":{"line":193,"column":32},"end":{"line":193,"column":43}},"70":{"start":{"line":195,"column":8},"end":{"line":195,"column":49}},"71":{"start":{"line":197,"column":22},"end":{"line":197,"column":55}},"72":{"start":{"line":200,"column":4},"end":{"line":203,"column":7}},"73":{"start":{"line":206,"column":4},"end":{"line":206,"column":58}},"74":{"start":{"line":207,"column":4},"end":{"line":210,"column":7}},"75":{"start":{"line":215,"column":0},"end":{"line":217,"column":3}},"76":{"start":{"line":216,"column":2},"end":{"line":216,"column":61}},"77":{"start":{"line":220,"column":0},"end":{"line":223,"column":3}},"78":{"start":{"line":221,"column":2},"end":{"line":221,"column":65}},"79":{"start":{"line":222,"column":2},"end":{"line":222,"column":71}}},"fnMap":{"0":{"name":"parseRSSFeed","decl":{"start":{"line":66,"column":15},"end":{"line":66,"column":27}},"loc":{"start":{"line":66,"column":45},"end":{"line":95,"column":1}},"line":66},"1":{"name":"(anonymous_1)","decl":{"start":{"line":84,"column":34},"end":{"line":84,"column":35}},"loc":{"start":{"line":84,"column":43},"end":{"line":90,"column":5}},"line":84},"2":{"name":"isFinanceRelated","decl":{"start":{"line":98,"column":9},"end":{"line":98,"column":25}},"loc":{"start":{"line":98,"column":42},"end":{"line":117,"column":1}},"line":98},"3":{"name":"(anonymous_3)","decl":{"start":{"line":111,"column":26},"end":{"line":111,"column":27}},"loc":{"start":{"line":111,"column":37},"end":{"line":111,"column":59}},"line":111},"4":{"name":"(anonymous_4)","decl":{"start":{"line":116,"column":30},"end":{"line":116,"column":31}},"loc":{"start":{"line":116,"column":41},"end":{"line":116,"column":63}},"line":116},"5":{"name":"(anonymous_5)","decl":{"start":{"line":120,"column":21},"end":{"line":120,"column":22}},"loc":{"start":{"line":120,"column":41},"end":{"line":168,"column":1}},"line":120},"6":{"name":"(anonymous_6)","decl":{"start":{"line":132,"column":39},"end":{"line":132,"column":40}},"loc":{"start":{"line":133,"column":6},"end":{"line":133,"column":48}},"line":133},"7":{"name":"(anonymous_7)","decl":{"start":{"line":140,"column":22},"end":{"line":140,"column":23}},"loc":{"start":{"line":140,"column":32},"end":{"line":140,"column":73}},"line":140},"8":{"name":"(anonymous_8)","decl":{"start":{"line":144,"column":43},"end":{"line":144,"column":44}},"loc":{"start":{"line":145,"column":6},"end":{"line":145,"column":40}},"line":145},"9":{"name":"(anonymous_9)","decl":{"start":{"line":171,"column":25},"end":{"line":171,"column":26}},"loc":{"start":{"line":171,"column":45},"end":{"line":212,"column":1}},"line":171},"10":{"name":"(anonymous_10)","decl":{"start":{"line":179,"column":11},"end":{"line":179,"column":12}},"loc":{"start":{"line":179,"column":19},"end":{"line":196,"column":7}},"line":179},"11":{"name":"(anonymous_11)","decl":{"start":{"line":185,"column":34},"end":{"line":185,"column":35}},"loc":{"start":{"line":185,"column":45},"end":{"line":187,"column":9}},"line":185},"12":{"name":"(anonymous_12)","decl":{"start":{"line":197,"column":12},"end":{"line":197,"column":13}},"loc":{"start":{"line":197,"column":22},"end":{"line":197,"column":55}},"line":197},"13":{"name":"(anonymous_13)","decl":{"start":{"line":215,"column":13},"end":{"line":215,"column":14}},"loc":{"start":{"line":215,"column":27},"end":{"line":217,"column":1}},"line":215},"14":{"name":"(anonymous_14)","decl":{"start":{"line":220,"column":17},"end":{"line":220,"column":18}},"loc":{"start":{"line":220,"column":23},"end":{"line":223,"column":1}},"line":220}},"branchMap":{"0":{"loc":{"start":{"line":8,"column":13},"end":{"line":8,"column":37}},"type":"binary-expr","locations":[{"start":{"line":8,"column":13},"end":{"line":8,"column":29}},{"start":{"line":8,"column":33},"end":{"line":8,"column":37}}],"line":8},"1":{"loc":{"start":{"line":74,"column":4},"end":{"line":76,"column":5}},"type":"if","locations":[{"start":{"line":74,"column":4},"end":{"line":76,"column":5}},{"start":{},"end":{}}],"line":74},"2":{"loc":{"start":{"line":82,"column":18},"end":{"line":82,"column":76}},"type":"binary-expr","locations":[{"start":{"line":82,"column":18},"end":{"line":82,"column":48}},{"start":{"line":82,"column":52},"end":{"line":82,"column":70}},{"start":{"line":82,"column":74},"end":{"line":82,"column":76}}],"line":82},"3":{"loc":{"start":{"line":85,"column":13},"end":{"line":85,"column":59}},"type":"binary-expr","locations":[{"start":{"line":85,"column":13},"end":{"line":85,"column":28}},{"start":{"line":85,"column":32},"end":{"line":85,"column":45}},{"start":{"line":85,"column":49},"end":{"line":85,"column":59}}],"line":85},"4":{"loc":{"start":{"line":86,"column":15},"end":{"line":86,"column":83}},"type":"binary-expr","locations":[{"start":{"line":86,"column":15},"end":{"line":86,"column":36}},{"start":{"line":86,"column":40},"end":{"line":86,"column":57}},{"start":{"line":86,"column":61},"end":{"line":86,"column":83}}],"line":86},"5":{"loc":{"start":{"line":88,"column":15},"end":{"line":88,"column":83}},"type":"binary-expr","locations":[{"start":{"line":88,"column":15},"end":{"line":88,"column":32}},{"start":{"line":88,"column":36},"end":{"line":88,"column":55}},{"start":{"line":88,"column":59},"end":{"line":88,"column":83}}],"line":88},"6":{"loc":{"start":{"line":89,"column":12},"end":{"line":89,"column":54}},"type":"binary-expr","locations":[{"start":{"line":89,"column":12},"end":{"line":89,"column":26}},{"start":{"line":89,"column":30},"end":{"line":89,"column":47}},{"start":{"line":89,"column":51},"end":{"line":89,"column":54}}],"line":89},"7":{"loc":{"start":{"line":111,"column":2},"end":{"line":113,"column":3}},"type":"if","locations":[{"start":{"line":111,"column":2},"end":{"line":113,"column":3}},{"start":{},"end":{}}],"line":111},"8":{"loc":{"start":{"line":137,"column":25},"end":{"line":137,"column":73}},"type":"cond-expr","locations":[{"start":{"line":137,"column":50},"end":{"line":137,"column":61}},{"start":{"line":137,"column":64},"end":{"line":137,"column":73}}],"line":137},"9":{"loc":{"start":{"line":149,"column":22},"end":{"line":149,"column":84}},"type":"cond-expr","locations":[{"start":{"line":149,"column":46},"end":{"line":149,"column":56}},{"start":{"line":149,"column":59},"end":{"line":149,"column":84}}],"line":149},"10":{"loc":{"start":{"line":186,"column":10},"end":{"line":186,"column":49}},"type":"if","locations":[{"start":{"line":186,"column":10},"end":{"line":186,"column":49}},{"start":{},"end":{}}],"line":186},"11":{"loc":{"start":{"line":191,"column":8},"end":{"line":193,"column":43}},"type":"if","locations":[{"start":{"line":191,"column":8},"end":{"line":193,"column":43}},{"start":{"line":192,"column":13},"end":{"line":193,"column":43}}],"line":191},"12":{"loc":{"start":{"line":192,"column":13},"end":{"line":193,"column":43}},"type":"if","locations":[{"start":{"line":192,"column":13},"end":{"line":193,"column":43}},{"start":{"line":193,"column":13},"end":{"line":193,"column":43}}],"line":192},"13":{"loc":{"start":{"line":193,"column":13},"end":{"line":193,"column":43}},"type":"if","locations":[{"start":{"line":193,"column":13},"end":{"line":193,"column":43}},{"start":{},"end":{}}],"line":193}},"s":{"0":0,"1":0,"2":0,"3":0,"4":0,"5":0,"6":0,"7":0,"8":0,"9":0,"10":0,"11":0,"12":0,"13":0,"14":0,"15":0,"16":0,"17":0,"18":0,"19":0,"20":0,"21":0,"22":0,"23":0,"24":0,"25":0,"26":0,"27":0,"28":0,"29":0,"30":0,"31":0,"32":0,"33":0,"34":0,"35":0,"36":0,"37":0,"38":0,"39":0,"40":0,"41":0,"42":0,"43":0,"44":0,"45":0,"46":0,"47":0,"48":0,"49":0,"50":0,"51":0,"52":0,"53":0,"54":0,"55":0,"56":0,"57":0,"58":0,"59":0,"60":0,"61":0,"62":0,"63":0,"64":0,"65":0,"66":0,"67":0,"68":0,"69":0,"70":0,"71":0,"72":0,"73":0,"74":0,"75":0,"76":0,"77":0,"78":0,"79":0},"f":{"0":0,"1":0,"2":0,"3":0,"4":0,"5":0,"6":0,"7":0,"8":0,"9":0,"10":0,"11":0,"12":0,"13":0,"14":0},"b":{"0":[0,0],"1":[0,0],"2":[0,0,0],"3":[0,0,0],"4":[0,0,0],"5":[0,0,0],"6":[0,0,0],"7":[0,0],"8":[0,0],"9":[0,0],"10":[0,0],"11":[0,0],"12":[0,0],"13":[0,0]}}
,"/home/runner/work/FinanceNews/FinanceNews/public/script.js": {"path":"/home/runner/work/FinanceNews/FinanceNews/public/script.js","statementMap":{"0":{"start":{"line":4,"column":8},"end":{"line":4,"column":65}},"1":{"start":{"line":5,"column":8},"end":{"line":5,"column":78}},"2":{"start":{"line":6,"column":8},"end":{"line":6,"column":65}},"3":{"start":{"line":7,"column":8},"end":{"line":7,"column":68}},"4":{"start":{"line":8,"column":8},"end":{"line":8,"column":73}},"5":{"start":{"line":9,"column":8},"end":{"line":9,"column":69}},"6":{"start":{"line":10,"column":8},"end":{"line":10,"column":67}},"7":{"start":{"line":11,"column":8},"end":{"line":11,"column":74}},"8":{"start":{"line":13,"column":8},"end":{"line":13,"column":31}},"9":{"start":{"line":14,"column":8},"end":{"line":14,"column":20}},"10":{"start":{"line":18,"column":8},"end":{"line":18,"column":26}},"11":{"start":{"line":19,"column":8},"end":{"line":19,"column":24}},"12":{"start":{"line":20,"column":8},"end":{"line":20,"column":28}},"13":{"start":{"line":23,"column":8},"end":{"line":26,"column":26}},"14":{"start":{"line":24,"column":12},"end":{"line":24,"column":28}},"15":{"start":{"line":25,"column":12},"end":{"line":25,"column":32}},"16":{"start":{"line":30,"column":8},"end":{"line":32,"column":11}},"17":{"start":{"line":31,"column":12},"end":{"line":31,"column":27}},"18":{"start":{"line":35,"column":8},"end":{"line":40,"column":11}},"19":{"start":{"line":36,"column":12},"end":{"line":39,"column":13}},"20":{"start":{"line":37,"column":16},"end":{"line":37,"column":35}},"21":{"start":{"line":38,"column":16},"end":{"line":38,"column":31}},"22":{"start":{"line":44,"column":8},"end":{"line":44,"column":35}},"23":{"start":{"line":44,"column":28},"end":{"line":44,"column":35}},"24":{"start":{"line":46,"column":8},"end":{"line":46,"column":62}},"25":{"start":{"line":47,"column":8},"end":{"line":49,"column":16}},"26":{"start":{"line":48,"column":12},"end":{"line":48,"column":64}},"27":{"start":{"line":51,"column":8},"end":{"line":54,"column":11}},"28":{"start":{"line":58,"column":8},"end":{"line":79,"column":9}},"29":{"start":{"line":59,"column":12},"end":{"line":59,"column":34}},"30":{"start":{"line":60,"column":12},"end":{"line":60,"column":29}},"31":{"start":{"line":62,"column":29},"end":{"line":62,"column":53}},"32":{"start":{"line":63,"column":25},"end":{"line":63,"column":46}},"33":{"start":{"line":65,"column":12},"end":{"line":72,"column":13}},"34":{"start":{"line":66,"column":16},"end":{"line":66,"column":43}},"35":{"start":{"line":67,"column":16},"end":{"line":67,"column":57}},"36":{"start":{"line":68,"column":16},"end":{"line":68,"column":49}},"37":{"start":{"line":70,"column":16},"end":{"line":70,"column":68}},"38":{"start":{"line":71,"column":16},"end":{"line":71,"column":49}},"39":{"start":{"line":75,"column":12},"end":{"line":75,"column":56}},"40":{"start":{"line":76,"column":12},"end":{"line":76,"column":75}},"41":{"start":{"line":78,"column":12},"end":{"line":78,"column":35}},"42":{"start":{"line":83,"column":8},"end":{"line":97,"column":9}},"43":{"start":{"line":84,"column":29},"end":{"line":84,"column":57}},"44":{"start":{"line":85,"column":25},"end":{"line":85,"column":46}},"45":{"start":{"line":87,"column":12},"end":{"line":92,"column":13}},"46":{"start":{"line":88,"column":16},"end":{"line":88,"column":51}},"47":{"start":{"line":89,"column":16},"end":{"line":89,"column":61}},"48":{"start":{"line":91,"column":16},"end":{"line":91,"column":60}},"49":{"start":{"line":95,"column":12},"end":{"line":95,"column":65}},"50":{"start":{"line":96,"column":12},"end":{"line":96,"column":56}},"51":{"start":{"line":101,"column":8},"end":{"line":108,"column":9}},"52":{"start":{"line":102,"column":12},"end":{"line":106,"column":14}},"53":{"start":{"line":107,"column":12},"end":{"line":107,"column":19}},"54":{"start":{"line":110,"column":8},"end":{"line":110,"column":102}},"55":{"start":{"line":110,"column":63},"end":{"line":110,"column":91}},"56":{"start":{"line":113,"column":8},"end":{"line":116,"column":11}},"57":{"start":{"line":114,"column":12},"end":{"line":114,"column":58}},"58":{"start":{"line":115,"column":12},"end":{"line":115,"column":42}},"59":{"start":{"line":120,"column":8},"end":{"line":123,"column":9}},"60":{"start":{"line":121,"column":12},"end":{"line":121,"column":50}},"61":{"start":{"line":122,"column":12},"end":{"line":122,"column":19}},"62":{"start":{"line":125,"column":8},"end":{"line":125,"column":110}},"63":{"start":{"line":125,"column":67},"end":{"line":125,"column":99}},"64":{"start":{"line":128,"column":8},"end":{"line":131,"column":11}},"65":{"start":{"line":129,"column":12},"end":{"line":129,"column":59}},"66":{"start":{"line":130,"column":12},"end":{"line":130,"column":42}},"67":{"start":{"line":135,"column":24},"end":{"line":135,"column":56}},"68":{"start":{"line":136,"column":24},"end":{"line":136,"column":63}},"69":{"start":{"line":138,"column":8},"end":{"line":147,"column":10}},"70":{"start":{"line":151,"column":24},"end":{"line":151,"column":56}},"71":{"start":{"line":152,"column":24},"end":{"line":152,"column":63}},"72":{"start":{"line":154,"column":8},"end":{"line":163,"column":10}},"73":{"start":{"line":167,"column":8},"end":{"line":167,"column":33}},"74":{"start":{"line":168,"column":8},"end":{"line":168,"column":70}},"75":{"start":{"line":169,"column":8},"end":{"line":169,"column":46}},"76":{"start":{"line":173,"column":8},"end":{"line":173,"column":50}},"77":{"start":{"line":174,"column":8},"end":{"line":174,"column":67}},"78":{"start":{"line":178,"column":8},"end":{"line":178,"column":49}},"79":{"start":{"line":182,"column":21},"end":{"line":182,"column":40}},"80":{"start":{"line":183,"column":27},"end":{"line":186,"column":10}},"81":{"start":{"line":187,"column":8},"end":{"line":187,"column":76}},"82":{"start":{"line":191,"column":8},"end":{"line":191,"column":64}},"83":{"start":{"line":195,"column":20},"end":{"line":195,"column":30}},"84":{"start":{"line":196,"column":21},"end":{"line":196,"column":41}},"85":{"start":{"line":197,"column":23},"end":{"line":197,"column":33}},"86":{"start":{"line":198,"column":25},"end":{"line":198,"column":51}},"87":{"start":{"line":199,"column":26},"end":{"line":199,"column":51}},"88":{"start":{"line":201,"column":8},"end":{"line":201,"column":44}},"89":{"start":{"line":201,"column":26},"end":{"line":201,"column":44}},"90":{"start":{"line":202,"column":8},"end":{"line":202,"column":53}},"91":{"start":{"line":202,"column":27},"end":{"line":202,"column":53}},"92":{"start":{"line":203,"column":8},"end":{"line":203,"column":55}},"93":{"start":{"line":203,"column":28},"end":{"line":203,"column":55}},"94":{"start":{"line":205,"column":25},"end":{"line":205,"column":51}},"95":{"start":{"line":206,"column":8},"end":{"line":206,"column":52}},"96":{"start":{"line":206,"column":26},"end":{"line":206,"column":52}},"97":{"start":{"line":208,"column":8},"end":{"line":208,"column":41}},"98":{"start":{"line":212,"column":8},"end":{"line":212,"column":29}},"99":{"start":{"line":212,"column":19},"end":{"line":212,"column":29}},"100":{"start":{"line":213,"column":8},"end":{"line":213,"column":50}},"101":{"start":{"line":213,"column":38},"end":{"line":213,"column":50}},"102":{"start":{"line":214,"column":8},"end":{"line":214,"column":56}},"103":{"start":{"line":218,"column":8},"end":{"line":218,"column":29}},"104":{"start":{"line":218,"column":19},"end":{"line":218,"column":29}},"105":{"start":{"line":219,"column":20},"end":{"line":225,"column":9}},"106":{"start":{"line":226,"column":8},"end":{"line":226,"column":55}},"107":{"start":{"line":226,"column":47},"end":{"line":226,"column":53}},"108":{"start":{"line":231,"column":0},"end":{"line":233,"column":3}},"109":{"start":{"line":232,"column":4},"end":{"line":232,"column":25}},"110":{"start":{"line":236,"column":0},"end":{"line":246,"column":1}},"111":{"start":{"line":237,"column":4},"end":{"line":245,"column":7}},"112":{"start":{"line":238,"column":8},"end":{"line":244,"column":15}},"113":{"start":{"line":240,"column":16},"end":{"line":240,"column":61}},"114":{"start":{"line":243,"column":16},"end":{"line":243,"column":75}}},"fnMap":{"0":{"name":"(anonymous_0)","decl":{"start":{"line":3,"column":4},"end":{"line":3,"column":5}},"loc":{"start":{"line":3,"column":18},"end":{"line":15,"column":5}},"line":3},"1":{"name":"(anonymous_1)","decl":{"start":{"line":17,"column":4},"end":{"line":17,"column":5}},"loc":{"start":{"line":17,"column":11},"end":{"line":27,"column":5}},"line":17},"2":{"name":"(anonymous_2)","decl":{"start":{"line":23,"column":20},"end":{"line":23,"column":21}},"loc":{"start":{"line":23,"column":26},"end":{"line":26,"column":9}},"line":23},"3":{"name":"(anonymous_3)","decl":{"start":{"line":29,"column":4},"end":{"line":29,"column":5}},"loc":{"start":{"line":29,"column":17},"end":{"line":41,"column":5}},"line":29},"4":{"name":"(anonymous_4)","decl":{"start":{"line":30,"column":53},"end":{"line":30,"column":54}},"loc":{"start":{"line":30,"column":59},"end":{"line":32,"column":9}},"line":30},"5":{"name":"(anonymous_5)","decl":{"start":{"line":35,"column":45},"end":{"line":35,"column":46}},"loc":{"start":{"line":35,"column":52},"end":{"line":40,"column":9}},"line":35},"6":{"name":"(anonymous_6)","decl":{"start":{"line":43,"column":4},"end":{"line":43,"column":5}},"loc":{"start":{"line":43,"column":20},"end":{"line":55,"column":5}},"line":43},"7":{"name":"(anonymous_7)","decl":{"start":{"line":47,"column":19},"end":{"line":47,"column":20}},"loc":{"start":{"line":47,"column":25},"end":{"line":49,"column":9}},"line":47},"8":{"name":"(anonymous_8)","decl":{"start":{"line":57,"column":4},"end":{"line":57,"column":5}},"loc":{"start":{"line":57,"column":21},"end":{"line":80,"column":5}},"line":57},"9":{"name":"(anonymous_9)","decl":{"start":{"line":82,"column":4},"end":{"line":82,"column":5}},"loc":{"start":{"line":82,"column":25},"end":{"line":98,"column":5}},"line":82},"10":{"name":"(anonymous_10)","decl":{"start":{"line":100,"column":4},"end":{"line":100,"column":5}},"loc":{"start":{"line":100,"column":25},"end":{"line":117,"column":5}},"line":100},"11":{"name":"(anonymous_11)","decl":{"start":{"line":110,"column":52},"end":{"line":110,"column":53}},"loc":{"start":{"line":110,"column":63},"end":{"line":110,"column":91}},"line":110},"12":{"name":"(anonymous_12)","decl":{"start":{"line":113,"column":66},"end":{"line":113,"column":67}},"loc":{"start":{"line":113,"column":83},"end":{"line":116,"column":9}},"line":113},"13":{"name":"(anonymous_13)","decl":{"start":{"line":119,"column":4},"end":{"line":119,"column":5}},"loc":{"start":{"line":119,"column":29},"end":{"line":132,"column":5}},"line":119},"14":{"name":"(anonymous_14)","decl":{"start":{"line":125,"column":56},"end":{"line":125,"column":57}},"loc":{"start":{"line":125,"column":67},"end":{"line":125,"column":99}},"line":125},"15":{"name":"(anonymous_15)","decl":{"start":{"line":128,"column":74},"end":{"line":128,"column":75}},"loc":{"start":{"line":128,"column":91},"end":{"line":131,"column":9}},"line":128},"16":{"name":"(anonymous_16)","decl":{"start":{"line":134,"column":4},"end":{"line":134,"column":5}},"loc":{"start":{"line":134,"column":28},"end":{"line":148,"column":5}},"line":134},"17":{"name":"(anonymous_17)","decl":{"start":{"line":150,"column":4},"end":{"line":150,"column":5}},"loc":{"start":{"line":150,"column":32},"end":{"line":164,"column":5}},"line":150},"18":{"name":"(anonymous_18)","decl":{"start":{"line":166,"column":4},"end":{"line":166,"column":5}},"loc":{"start":{"line":166,"column":24},"end":{"line":170,"column":5}},"line":166},"19":{"name":"(anonymous_19)","decl":{"start":{"line":172,"column":4},"end":{"line":172,"column":5}},"loc":{"start":{"line":172,"column":23},"end":{"line":175,"column":5}},"line":172},"20":{"name":"(anonymous_20)","decl":{"start":{"line":177,"column":4},"end":{"line":177,"column":5}},"loc":{"start":{"line":177,"column":16},"end":{"line":179,"column":5}},"line":177},"21":{"name":"(anonymous_21)","decl":{"start":{"line":181,"column":4},"end":{"line":181,"column":5}},"loc":{"start":{"line":181,"column":33},"end":{"line":188,"column":5}},"line":181},"22":{"name":"(anonymous_22)","decl":{"start":{"line":190,"column":4},"end":{"line":190,"column":5}},"loc":{"start":{"line":190,"column":27},"end":{"line":192,"column":5}},"line":190},"23":{"name":"(anonymous_23)","decl":{"start":{"line":194,"column":4},"end":{"line":194,"column":5}},"loc":{"start":{"line":194,"column":27},"end":{"line":209,"column":5}},"line":194},"24":{"name":"(anonymous_24)","decl":{"start":{"line":211,"column":4},"end":{"line":211,"column":5}},"loc":{"start":{"line":211,"column":34},"end":{"line":215,"column":5}},"line":211},"25":{"name":"(anonymous_25)","decl":{"start":{"line":217,"column":4},"end":{"line":217,"column":5}},"loc":{"start":{"line":217,"column":21},"end":{"line":227,"column":5}},"line":217},"26":{"name":"(anonymous_26)","decl":{"start":{"line":226,"column":40},"end":{"line":226,"column":41}},"loc":{"start":{"line":226,"column":47},"end":{"line":226,"column":53}},"line":226},"27":{"name":"(anonymous_27)","decl":{"start":{"line":231,"column":46},"end":{"line":231,"column":47}},"loc":{"start":{"line":231,"column":52},"end":{"line":233,"column":1}},"line":231},"28":{"name":"(anonymous_28)","decl":{"start":{"line":237,"column":36},"end":{"line":237,"column":37}},"loc":{"start":{"line":237,"column":42},"end":{"line":245,"column":5}},"line":237},"29":{"name":"(anonymous_29)","decl":{"start":{"line":239,"column":18},"end":{"line":239,"column":19}},"loc":{"start":{"line":239,"column":34},"end":{"line":241,"column":13}},"line":239},"30":{"name":"(anonymous_30)","decl":{"start":{"line":242,"column":19},"end":{"line":242,"column":20}},"loc":{"start":{"line":242,"column":40},"end":{"line":244,"column":13}},"line":242}},"branchMap":{"0":{"loc":{"start":{"line":36,"column":12},"end":{"line":39,"column":13}},"type":"if","locations":[{"start":{"line":36,"column":12},"end":{"line":39,"column":13}},{"start":{},"end":{}}],"line":36},"1":{"loc":{"start":{"line":36,"column":16},"end":{"line":36,"column":57}},"type":"binary-expr","locations":[{"start":{"line":36,"column":16},"end":{"line":36,"column":29}},{"start":{"line":36,"column":34},"end":{"line":36,"column":43}},{"start":{"line":36,"column":47},"end":{"line":36,"column":56}}],"line":36},"2":{"loc":{"start":{"line":44,"column":8},"end":{"line":44,"column":35}},"type":"if","locations":[{"start":{"line":44,"column":8},"end":{"line":44,"column":35}},{"start":{},"end":{}}],"line":44},"3":{"loc":{"start":{"line":65,"column":12},"end":{"line":72,"column":13}},"type":"if","locations":[{"start":{"line":65,"column":12},"end":{"line":72,"column":13}},{"start":{"line":69,"column":19},"end":{"line":72,"column":13}}],"line":65},"4":{"loc":{"start":{"line":70,"column":31},"end":{"line":70,"column":66}},"type":"binary-expr","locations":[{"start":{"line":70,"column":31},"end":{"line":70,"column":41}},{"start":{"line":70,"column":45},"end":{"line":70,"column":66}}],"line":70},"5":{"loc":{"start":{"line":71,"column":32},"end":{"line":71,"column":47}},"type":"binary-expr","locations":[{"start":{"line":71,"column":32},"end":{"line":71,"column":41}},{"start":{"line":71,"column":45},"end":{"line":71,"column":47}}],"line":71},"6":{"loc":{"start":{"line":87,"column":12},"end":{"line":92,"column":13}},"type":"if","locations":[{"start":{"line":87,"column":12},"end":{"line":92,"column":13}},{"start":{"line":90,"column":19},"end":{"line":92,"column":13}}],"line":87},"7":{"loc":{"start":{"line":87,"column":16},"end":{"line":87,"column":56}},"type":"binary-expr","locations":[{"start":{"line":87,"column":16},"end":{"line":87,"column":28}},{"start":{"line":87,"column":32},"end":{"line":87,"column":56}}],"line":87},"8":{"loc":{"start":{"line":101,"column":8},"end":{"line":108,"column":9}},"type":"if","locations":[{"start":{"line":101,"column":8},"end":{"line":108,"column":9}},{"start":{},"end":{}}],"line":101},"9":{"loc":{"start":{"line":101,"column":12},"end":{"line":101,"column":46}},"type":"binary-expr","locations":[{"start":{"line":101,"column":12},"end":{"line":101,"column":21}},{"start":{"line":101,"column":25},"end":{"line":101,"column":46}}],"line":101},"10":{"loc":{"start":{"line":120,"column":8},"end":{"line":123,"column":9}},"type":"if","locations":[{"start":{"line":120,"column":8},"end":{"line":123,"column":9}},{"start":{},"end":{}}],"line":120},"11":{"loc":{"start":{"line":120,"column":12},"end":{"line":120,"column":46}},"type":"binary-expr","locations":[{"start":{"line":120,"column":12},"end":{"line":120,"column":21}},{"start":{"line":120,"column":25},"end":{"line":120,"column":46}}],"line":120},"12":{"loc":{"start":{"line":168,"column":44},"end":{"line":168,"column":69}},"type":"cond-expr","locations":[{"start":{"line":168,"column":54},"end":{"line":168,"column":60}},{"start":{"line":168,"column":63},"end":{"line":168,"column":69}}],"line":168},"13":{"loc":{"start":{"line":201,"column":8},"end":{"line":201,"column":44}},"type":"if","locations":[{"start":{"line":201,"column":8},"end":{"line":201,"column":44}},{"start":{},"end":{}}],"line":201},"14":{"loc":{"start":{"line":202,"column":8},"end":{"line":202,"column":53}},"type":"if","locations":[{"start":{"line":202,"column":8},"end":{"line":202,"column":53}},{"start":{},"end":{}}],"line":202},"15":{"loc":{"start":{"line":203,"column":8},"end":{"line":203,"column":55}},"type":"if","locations":[{"start":{"line":203,"column":8},"end":{"line":203,"column":55}},{"start":{},"end":{}}],"line":203},"16":{"loc":{"start":{"line":206,"column":8},"end":{"line":206,"column":52}},"type":"if","locations":[{"start":{"line":206,"column":8},"end":{"line":206,"column":52}},{"start":{},"end":{}}],"line":206},"17":{"loc":{"start":{"line":212,"column":8},"end":{"line":212,"column":29}},"type":"if","locations":[{"start":{"line":212,"column":8},"end":{"line":212,"column":29}},{"start":{},"end":{}}],"line":212},"18":{"loc":{"start":{"line":213,"column":8},"end":{"line":213,"column":50}},"type":"if","locations":[{"start":{"line":213,"column":8},"end":{"line":213,"column":50}},{"start":{},"end":{}}],"line":213},"19":{"loc":{"start":{"line":218,"column":8},"end":{"line":218,"column":29}},"type":"if","locations":[{"start":{"line":218,"column":8},"end":{"line":218,"column":29}},{"start":{},"end":{}}],"line":218},"20":{"loc":{"start":{"line":236,"column":0},"end":{"line":246,"column":1}},"type":"if","locations":[{"start":{"line":236,"column":0},"end":{"line":246,"column":1}},{"start":{},"end":{}}],"line":236}},"s":{"0":0,"1":0,"2":0,"3":0,"4":0,"5":0,"6":0,"7":0,"8":0,"9":0,"10":0,"11":0,"12":0,"13":0,"14":0,"15":0,"16":0,"17":0,"18":0,"19":0,"20":0,"21":0,"22":0,"23":0,"24":0,"25":0,"26":0,"27":0,"28":0,"29":0,"30":0,"31":0,"32":0,"33":0,"34":0,"35":0,"36":0,"37":0,"38":0,"39":0,"40":0,"41":0,"42":0,"43":0,"44":0,"45":0,"46":0,"47":0,"48":0,"49":0,"50":0,"51":0,"52":0,"53":0,"54":0,"55":0,"56":0,"57":0,"58":0,"59":0,"60":0,"61":0,"62":0,"63":0,"64":0,"65":0,"66":0,"67":0,"68":0,"69":0,"70":0,"71":0,"72":0,"73":0,"74":0,"75":0,"76":0,"77":0,"78":0,"79":0,"80":0,"81":0,"82":0,"83":0,"84":0,"85":0,"86":0,"87":0,"88":0,"89":0,"90":0,"91":0,"92":0,"93":0,"94":0,"95":0,"96":0,"97":0,"98":0,"99":0,"100":0,"101":0,"102":0,"103":0,"104":0,"105":0,"106":0,"107":0,"108":0,"109":0,"110":0,"111":0,"112":0,"113":0,"114":0},"f":{"0":0,"1":0,"2":0,"3":0,"4":0,"5":0,"6":0,"7":0,"8":0,"9":0,"10":0,"11":0,"12":0,"13":0,"14":0,"15":0,"16":0,"17":0,"18":0,"19":0,"20":0,"21":0,"22":0,"23":0,"24":0,"25":0,"26":0,"27":0,"28":0,"29":0,"30":0},"b":{"0":[0,0],"1":[0,0,0],"2":[0,0],"3":[0,0],"4":[0,0],"5":[0,0],"6":[0,0],"7":[0,0],"8":[0,0],"9":[0,0],"10":[0,0],"11":[0,0],"12":[0,0],"13":[0,0],"14":[0,0],"15":[0,0],"16":[0,0],"17":[0,0],"18":[0,0],"19":[0,0],"20":[0,0]}}
}
